Base path: /Applications/Unity 5.5.0/Unity.app/Contents
Cmd: getPlatforms
Cmd: compileSnippet
  api=14 type=0 insize=1023 outsize=5593 kw=DIRECTIONAL SHADOWS_SCREEN VERTEXLIGHT_ON pd=UNITY_ENABLE_REFLECTION_BUFFERS UNITY_PBS_USE_BRDF1 UNITY_SPECCUBE_BOX_PROJECTION UNITY_SPECCUBE_BLENDING SHADER_API_DESKTOP UNITY_COLORSPACE_GAMMA ok=1
Cmd: disassembleShader
  api=23 insize=5593 outsize=5577 ok=1
Cmd: compileSnippet
  api=14 type=1 insize=1023 outsize=15621 kw=DIRECTIONAL SHADOWS_SCREEN _EMISSION pd=UNITY_ENABLE_REFLECTION_BUFFERS UNITY_PBS_USE_BRDF1 UNITY_SPECCUBE_BOX_PROJECTION UNITY_SPECCUBE_BLENDING SHADER_API_DESKTOP UNITY_COLORSPACE_GAMMA ok=1
Cmd: disassembleShader
  api=24 insize=15621 outsize=15605 ok=1
Cmd: compileSnippet
  api=14 type=0 insize=949 outsize=3857 kw=POINT_COOKIE pd=UNITY_ENABLE_REFLECTION_BUFFERS UNITY_PBS_USE_BRDF1 UNITY_SPECCUBE_BOX_PROJECTION UNITY_SPECCUBE_BLENDING SHADER_API_DESKTOP UNITY_COLORSPACE_GAMMA ok=1
Cmd: disassembleShader
  api=23 insize=3857 outsize=3841 ok=1
Cmd: compileSnippet
  api=14 type=0 insize=949 outsize=4245 kw=SPOT SHADOWS_DEPTH pd=UNITY_ENABLE_REFLECTION_BUFFERS UNITY_PBS_USE_BRDF1 UNITY_SPECCUBE_BOX_PROJECTION UNITY_SPECCUBE_BLENDING SHADER_API_DESKTOP UNITY_COLORSPACE_GAMMA ok=1
Cmd: disassembleShader
  api=23 insize=4245 outsize=4229 ok=1
Cmd: compileSnippet
  api=14 type=0 insize=949 outsize=4010 kw=POINT_COOKIE SHADOWS_CUBE pd=UNITY_ENABLE_REFLECTION_BUFFERS UNITY_PBS_USE_BRDF1 UNITY_SPECCUBE_BOX_PROJECTION UNITY_SPECCUBE_BLENDING SHADER_API_DESKTOP UNITY_COLORSPACE_GAMMA ok=1
Cmd: disassembleShader
  api=23 insize=4010 outsize=3994 ok=1
Cmd: compileSnippet
  api=15 type=0 insize=949 outsize=8987 kw=POINT SHADOWS_CUBE SHADOWS_SOFT pd=UNITY_ENABLE_REFLECTION_BUFFERS UNITY_PBS_USE_BRDF1 UNITY_SPECCUBE_BOX_PROJECTION UNITY_SPECCUBE_BLENDING SHADER_API_DESKTOP UNITY_COLORSPACE_GAMMA ok=1
Cmd: disassembleShader
  api=6 insize=8987 outsize=8987 ok=1
Cmd: compileSnippet
  api=14 type=1 insize=949 outsize=6592 kw=POINT_COOKIE pd=UNITY_ENABLE_REFLECTION_BUFFERS UNITY_PBS_USE_BRDF1 UNITY_SPECCUBE_BOX_PROJECTION UNITY_SPECCUBE_BLENDING SHADER_API_DESKTOP UNITY_COLORSPACE_GAMMA ok=1
Cmd: disassembleShader
  api=24 insize=6592 outsize=6576 ok=1
Cmd: compileSnippet
  api=15 type=1 insize=949 outsize=0 kw=SPOT SHADOWS_DEPTH SHADOWS_SOFT pd=UNITY_ENABLE_REFLECTION_BUFFERS UNITY_PBS_USE_BRDF1 UNITY_SPECCUBE_BOX_PROJECTION UNITY_SPECCUBE_BLENDING SHADER_API_DESKTOP UNITY_COLORSPACE_GAMMA ok=1
Cmd: disassembleShader
  api=6 insize=0 outsize=57 ok=1
Cmd: compileSnippet
  api=14 type=1 insize=949 outsize=7961 kw=POINT SHADOWS_CUBE SHADOWS_SOFT pd=UNITY_ENABLE_REFLECTION_BUFFERS UNITY_PBS_USE_BRDF1 UNITY_SPECCUBE_BOX_PROJECTION UNITY_SPECCUBE_BLENDING SHADER_API_DESKTOP UNITY_COLORSPACE_GAMMA ok=1
Cmd: disassembleShader
  api=24 insize=7961 outsize=7945 ok=1
Cmd: disassembleShader
  api=6 insize=0 outsize=57 ok=1
Cmd: compileSnippet
  api=15 type=0 insize=1152 outsize=7810 kw=DIRLIGHTMAP_COMBINED _EMISSION pd=UNITY_ENABLE_REFLECTION_BUFFERS UNITY_PBS_USE_BRDF1 UNITY_SPECCUBE_BOX_PROJECTION UNITY_SPECCUBE_BLENDING SHADER_API_DESKTOP UNITY_COLORSPACE_GAMMA ok=1
Cmd: disassembleShader
  api=6 insize=7810 outsize=7810 ok=1
Cmd: compileSnippet
  api=15 type=0 insize=1152 outsize=7084 kw=_EMISSION UNITY_HDR_ON pd=UNITY_ENABLE_REFLECTION_BUFFERS UNITY_PBS_USE_BRDF1 UNITY_SPECCUBE_BOX_PROJECTION UNITY_SPECCUBE_BLENDING SHADER_API_DESKTOP UNITY_COLORSPACE_GAMMA ok=1
Cmd: disassembleShader
  api=6 insize=7084 outsize=7084 ok=1
Cmd: compileSnippet
  api=15 type=1 insize=1152 outsize=0 kw= pd=UNITY_ENABLE_REFLECTION_BUFFERS UNITY_PBS_USE_BRDF1 UNITY_SPECCUBE_BOX_PROJECTION UNITY_SPECCUBE_BLENDING SHADER_API_DESKTOP UNITY_COLORSPACE_GAMMA ok=1
Cmd: disassembleShader
  api=6 insize=0 outsize=57 ok=1
Cmd: compileSnippet
  api=14 type=1 insize=1152 outsize=5640 kw=DIRLIGHTMAP_SEPARATE pd=UNITY_ENABLE_REFLECTION_BUFFERS UNITY_PBS_USE_BRDF1 UNITY_SPECCUBE_BOX_PROJECTION UNITY_SPECCUBE_BLENDING SHADER_API_DESKTOP UNITY_COLORSPACE_GAMMA ok=1
Cmd: disassembleShader
  api=24 insize=5640 outsize=5624 ok=1
Cmd: compileSnippet
  api=15 type=1 insize=1152 outsize=0 kw=DIRLIGHTMAP_COMBINED UNITY_HDR_ON pd=UNITY_ENABLE_REFLECTION_BUFFERS UNITY_PBS_USE_BRDF1 UNITY_SPECCUBE_BOX_PROJECTION UNITY_SPECCUBE_BLENDING SHADER_API_DESKTOP UNITY_COLORSPACE_GAMMA ok=1
Cmd: disassembleShader
  api=6 insize=0 outsize=57 ok=1
Cmd: compileSnippet
  api=15 type=1 insize=1152 outsize=0 kw=DIRLIGHTMAP_COMBINED _EMISSION UNITY_HDR_ON pd=UNITY_ENABLE_REFLECTION_BUFFERS UNITY_PBS_USE_BRDF1 UNITY_SPECCUBE_BOX_PROJECTION UNITY_SPECCUBE_BLENDING SHADER_API_DESKTOP UNITY_COLORSPACE_GAMMA ok=1
Cmd: disassembleShader
  api=6 insize=0 outsize=57 ok=1
Cmd: compileSnippet
  api=15 type=1 insize=1152 outsize=0 kw=DIRLIGHTMAP_SEPARATE UNITY_HDR_ON pd=UNITY_ENABLE_REFLECTION_BUFFERS UNITY_PBS_USE_BRDF1 UNITY_SPECCUBE_BOX_PROJECTION UNITY_SPECCUBE_BLENDING SHADER_API_DESKTOP UNITY_COLORSPACE_GAMMA ok=1
Cmd: disassembleShader
  api=6 insize=0 outsize=57 ok=1
Cmd: compileSnippet
  api=14 type=1 insize=1152 outsize=5919 kw=DIRLIGHTMAP_SEPARATE _EMISSION UNITY_HDR_ON pd=UNITY_ENABLE_REFLECTION_BUFFERS UNITY_PBS_USE_BRDF1 UNITY_SPECCUBE_BOX_PROJECTION UNITY_SPECCUBE_BLENDING SHADER_API_DESKTOP UNITY_COLORSPACE_GAMMA ok=1
Cmd: disassembleShader
  api=24 insize=5919 outsize=5903 ok=1
Cmd: compileSnippet
  api=15 type=0 insize=1098 outsize=7348 kw=DIRECTIONAL SHADOWS_SCREEN pd=UNITY_ENABLE_REFLECTION_BUFFERS UNITY_PBS_USE_BRDF1 UNITY_SPECCUBE_BOX_PROJECTION UNITY_SPECCUBE_BLENDING SHADER_API_DESKTOP UNITY_COLORSPACE_GAMMA ok=1
Cmd: disassembleShader
  api=6 insize=7348 outsize=7348 ok=1
Cmd: compileSnippet
  api=15 type=0 insize=1098 outsize=8851 kw=DIRECTIONAL SHADOWS_SCREEN _EMISSION VERTEXLIGHT_ON pd=UNITY_ENABLE_REFLECTION_BUFFERS UNITY_PBS_USE_BRDF1 UNITY_SPECCUBE_BOX_PROJECTION UNITY_SPECCUBE_BLENDING SHADER_API_DESKTOP UNITY_COLORSPACE_GAMMA ok=1
Cmd: disassembleShader
  api=6 insize=8851 outsize=8851 ok=1
Cmd: compileSnippet
  api=15 type=1 insize=1098 outsize=0 kw=DIRECTIONAL _EMISSION pd=UNITY_ENABLE_REFLECTION_BUFFERS UNITY_PBS_USE_BRDF1 UNITY_SPECCUBE_BOX_PROJECTION UNITY_SPECCUBE_BLENDING SHADER_API_DESKTOP UNITY_COLORSPACE_GAMMA ok=1
Cmd: disassembleShader
  api=6 insize=0 outsize=57 ok=1
Cmd: compileSnippet
  api=15 type=0 insize=962 outsize=4370 kw=DIRECTIONAL pd=UNITY_ENABLE_REFLECTION_BUFFERS UNITY_PBS_USE_BRDF1 UNITY_SPECCUBE_BOX_PROJECTION UNITY_SPECCUBE_BLENDING SHADER_API_DESKTOP UNITY_COLORSPACE_GAMMA ok=1
Cmd: disassembleShader
  api=6 insize=4370 outsize=4370 ok=1
Cmd: compileSnippet
  api=14 type=0 insize=962 outsize=4308 kw=DIRECTIONAL_COOKIE SHADOWS_SCREEN pd=UNITY_ENABLE_REFLECTION_BUFFERS UNITY_PBS_USE_BRDF1 UNITY_SPECCUBE_BOX_PROJECTION UNITY_SPECCUBE_BLENDING SHADER_API_DESKTOP UNITY_COLORSPACE_GAMMA ok=1
Cmd: disassembleShader
  api=23 insize=4308 outsize=4292 ok=1
Cmd: compileSnippet
  api=15 type=1 insize=962 outsize=0 kw=POINT pd=UNITY_ENABLE_REFLECTION_BUFFERS UNITY_PBS_USE_BRDF1 UNITY_SPECCUBE_BOX_PROJECTION UNITY_SPECCUBE_BLENDING SHADER_API_DESKTOP UNITY_COLORSPACE_GAMMA ok=1
Cmd: disassembleShader
  api=6 insize=0 outsize=57 ok=1
Cmd: compileSnippet
  api=15 type=1 insize=962 outsize=0 kw=DIRECTIONAL_COOKIE pd=UNITY_ENABLE_REFLECTION_BUFFERS UNITY_PBS_USE_BRDF1 UNITY_SPECCUBE_BOX_PROJECTION UNITY_SPECCUBE_BLENDING SHADER_API_DESKTOP UNITY_COLORSPACE_GAMMA ok=1
Cmd: disassembleShader
  api=6 insize=0 outsize=57 ok=1
Cmd: compileSnippet
  api=14 type=1 insize=962 outsize=3265 kw=DIRECTIONAL SHADOWS_SCREEN pd=UNITY_ENABLE_REFLECTION_BUFFERS UNITY_PBS_USE_BRDF1 UNITY_SPECCUBE_BOX_PROJECTION UNITY_SPECCUBE_BLENDING SHADER_API_DESKTOP UNITY_COLORSPACE_GAMMA ok=1
Cmd: disassembleShader
  api=24 insize=3265 outsize=3249 ok=1
Cmd: compileSnippet
  api=14 type=0 insize=681 outsize=3174 kw=SHADOWS_DEPTH pd=UNITY_ENABLE_REFLECTION_BUFFERS UNITY_PBS_USE_BRDF1 UNITY_SPECCUBE_BOX_PROJECTION UNITY_SPECCUBE_BLENDING SHADER_API_DESKTOP UNITY_COLORSPACE_GAMMA ok=1
Cmd: disassembleShader
  api=23 insize=3174 outsize=3158 ok=1

Quitting shader compiler process
